2025-05-27 17:19:26 - core.log - INFO - 湖南日报 更新结束,共更新10
2025-05-27 17:19:28 - core.log - INFO - 长沙道 更新结束,共更新1
2025-05-27 17:19:30 - core.log - INFO - 长沙晚报 更新结束,共更新2
2025-05-27 17:19:32 - core.log - INFO - 长沙市场监管 更新结束,共更新1
2025-05-27 17:19:34 - core.log - INFO - 微开福 更新结束,共更新3
2025-05-27 17:19:36 - core.log - INFO - 清廉长沙 更新结束,共更新3
2025-05-27 17:19:38 - core.log - INFO - 长沙党建 更新结束,共更新0
2025-05-27 17:19:40 - core.log - INFO - 长沙警事 更新结束,共更新7
2025-05-27 17:19:41 - core.log - INFO - 文明长沙 更新结束,共更新5
2025-05-27 17:19:44 - core.log - INFO - 长沙观察 更新结束,共更新10
2025-05-27 17:19:45 - core.log - INFO - 长沙发布 更新结束,共更新10
2025-05-27 17:19:47 - core.log - INFO - 新华社 更新结束,共更新10
2025-05-27 17:19:49 - core.log - INFO - 长沙生态环境 更新结束,共更新2
2025-05-27 17:19:51 - core.log - INFO - 雨花市场监管 更新结束,共更新0
2025-05-27 17:19:53 - core.log - INFO - 开福市场监管 更新结束,共更新2
2025-05-27 17:19:55 - core.log - INFO - 宁乡市场监督 更新结束,共更新2
2025-05-27 17:19:57 - core.log - INFO - 长沙县市场监管 更新结束,共更新2
2025-05-27 17:19:59 - core.log - INFO - 长沙城管 更新结束,共更新2
2025-05-27 17:20:00 - core.log - INFO - 长沙慈善 更新结束,共更新2
2025-05-27 17:20:02 - core.log - INFO - 红星云 更新结束,共更新1
2025-05-27 17:20:04 - core.log - INFO - 长沙交通运输 更新结束,共更新2
2025-05-27 17:20:05 - core.log - INFO - 长沙人社 更新结束,共更新1
2025-05-27 17:20:07 - core.log - INFO - 湖南省人民政府网 更新结束,共更新10
2025-05-27 17:20:09 - core.log - INFO - 长沙会展 更新结束,共更新1
2025-05-27 17:20:11 - core.log - INFO - 思想长沙 更新结束,共更新0
2025-05-27 17:20:13 - core.log - INFO - 网信长沙 更新结束,共更新2
2025-05-27 17:20:15 - core.log - INFO - 长沙水运 更新结束,共更新1
2025-05-27 17:20:17 - core.log - INFO - 天心市场监管 更新结束,共更新1
2025-05-27 17:20:17 - core.log - INFO - 所有公众号更新完成,共更新93条数据
2025-05-27 17:21:19 - core.log - INFO - 湖南日报 更新结束,共更新0
2025-05-27 17:21:21 - core.log - INFO - 长沙道 更新结束,共更新0
2025-05-27 17:21:23 - core.log - INFO - 长沙晚报 更新结束,共更新0
2025-05-27 17:21:25 - core.log - INFO - 长沙市场监管 更新结束,共更新0
2025-05-27 17:21:27 - core.log - INFO - 微开福 更新结束,共更新0
2025-05-27 17:21:28 - core.log - INFO - 清廉长沙 更新结束,共更新0
2025-05-27 17:21:30 - core.log - INFO - 长沙党建 更新结束,共更新0
2025-05-27 17:21:32 - core.log - INFO - 长沙警事 更新结束,共更新0
2025-05-27 17:21:34 - core.log - INFO - 文明长沙 更新结束,共更新0
2025-05-27 17:21:36 - core.log - INFO - 长沙观察 更新结束,共更新0
2025-05-27 17:21:38 - core.log - INFO - 长沙发布 更新结束,共更新0
2025-05-27 17:21:39 - core.log - INFO - 新华社 更新结束,共更新0
2025-05-27 17:21:41 - core.log - INFO - 长沙生态环境 更新结束,共更新0
2025-05-27 17:21:43 - core.log - INFO - 雨花市场监管 更新结束,共更新0
2025-05-27 17:21:45 - core.log - INFO - 开福市场监管 更新结束,共更新0
2025-05-27 17:21:47 - core.log - INFO - 宁乡市场监督 更新结束,共更新0
2025-05-27 17:21:49 - core.log - INFO - 长沙县市场监管 更新结束,共更新0
2025-05-27 17:21:51 - core.log - INFO - 长沙城管 更新结束,共更新0
2025-05-27 17:21:52 - core.log - INFO - 长沙慈善 更新结束,共更新0
2025-05-27 17:21:54 - core.log - INFO - 红星云 更新结束,共更新0
2025-05-27 17:21:56 - core.log - INFO - 长沙交通运输 更新结束,共更新0
2025-05-27 17:21:57 - core.log - INFO - 长沙人社 更新结束,共更新0
2025-05-27 17:21:58 - core.log - INFO - 湖南省人民政府网 更新结束,共更新0
2025-05-27 17:22:01 - core.log - INFO - 长沙会展 更新结束,共更新0
2025-05-27 17:22:03 - core.log - INFO - 思想长沙 更新结束,共更新0
2025-05-27 17:22:04 - core.log - INFO - 网信长沙 更新结束,共更新0
2025-05-27 17:22:06 - core.log - INFO - 长沙水运 更新结束,共更新0
2025-05-27 17:22:08 - core.log - INFO - 天心市场监管 更新结束,共更新0
2025-05-27 17:22:08 - core.log - INFO - 所有公众号更新完成,共更新0条数据
2025-05-27 17:24:12 - core.log - INFO - 湖南日报 更新结束,共更新0
2025-05-27 17:24:14 - core.log - INFO - 长沙道 更新结束,共更新0
2025-05-27 17:24:16 - core.log - INFO - 长沙晚报 更新结束,共更新0
2025-05-27 17:24:18 - core.log - INFO - 长沙市场监管 更新结束,共更新0
2025-05-27 17:24:20 - core.log - INFO - 微开福 更新结束,共更新0
2025-05-27 17:24:21 - core.log - INFO - 清廉长沙 更新结束,共更新0
2025-05-27 17:24:23 - core.log - INFO - 长沙党建 更新结束,共更新0
2025-05-27 17:24:25 - core.log - INFO - 长沙警事 更新结束,共更新0
2025-05-27 17:24:27 - core.log - INFO - 文明长沙 更新结束,共更新0
2025-05-27 17:24:29 - core.log - INFO - 长沙观察 更新结束,共更新0
2025-05-27 17:24:31 - core.log - INFO - 长沙发布 更新结束,共更新0
2025-05-27 17:24:33 - core.log - INFO - 新华社 更新结束,共更新0
2025-05-27 17:24:35 - core.log - INFO - 长沙生态环境 更新结束,共更新0
2025-05-27 17:24:37 - core.log - INFO - 雨花市场监管 更新结束,共更新0
2025-05-27 17:24:39 - core.log - INFO - 开福市场监管 更新结束,共更新0
2025-05-27 17:24:41 - core.log - INFO - 宁乡市场监督 更新结束,共更新0
2025-05-27 17:24:43 - core.log - INFO - 长沙县市场监管 更新结束,共更新0
2025-05-27 17:24:45 - core.log - INFO - 长沙城管 更新结束,共更新0
2025-05-27 17:24:47 - core.log - INFO - 长沙慈善 更新结束,共更新0
2025-05-27 17:24:49 - core.log - INFO - 红星云 更新结束,共更新0
2025-05-27 17:24:51 - core.log - INFO - 长沙交通运输 更新结束,共更新0
2025-05-27 17:24:52 - core.log - INFO - 长沙人社 更新结束,共更新0
2025-05-27 17:24:53 - core.log - INFO - 湖南省人民政府网 更新结束,共更新0
2025-05-27 17:24:56 - core.log - INFO - 长沙会展 更新结束,共更新0
2025-05-27 17:24:58 - core.log - INFO - 思想长沙 更新结束,共更新0
2025-05-27 17:25:00 - core.log - INFO - 网信长沙 更新结束,共更新0
2025-05-27 17:25:02 - core.log - INFO - 长沙水运 更新结束,共更新0
2025-05-27 17:25:04 - core.log - INFO - 天心市场监管 更新结束,共更新0
2025-05-27 17:25:04 - core.log - INFO - 所有公众号更新完成,共更新0条数据
2025-05-27 17:25:32 - core.log - INFO - 湖南日报 更新结束,共更新0
2025-05-27 17:25:33 - core.log - INFO - 长沙道 更新结束,共更新0
2025-05-27 17:25:35 - core.log - INFO - 长沙晚报 更新结束,共更新0
2025-05-27 17:25:37 - core.log - INFO - 长沙市场监管 更新结束,共更新0
2025-05-27 17:25:39 - core.log - INFO - 微开福 更新结束,共更新0
2025-05-27 17:25:41 - core.log - INFO - 清廉长沙 更新结束,共更新0
2025-05-27 17:25:43 - core.log - INFO - 长沙党建 更新结束,共更新0
2025-05-27 17:25:44 - core.log - INFO - 长沙警事 更新结束,共更新0
2025-05-27 17:25:46 - core.log - INFO - 文明长沙 更新结束,共更新0
2025-05-27 17:25:48 - core.log - INFO - 长沙观察 更新结束,共更新0
2025-05-27 17:25:50 - core.log - INFO - 长沙发布 更新结束,共更新0
2025-05-27 17:25:52 - core.log - INFO - 新华社 更新结束,共更新0
2025-05-27 17:25:54 - core.log - INFO - 长沙生态环境 更新结束,共更新0
2025-05-27 17:25:56 - core.log - INFO - 雨花市场监管 更新结束,共更新0
2025-05-27 17:25:58 - core.log - INFO - 开福市场监管 更新结束,共更新0
2025-05-27 17:25:59 - core.log - INFO - 宁乡市场监督 更新结束,共更新0
2025-05-27 17:26:01 - core.log - INFO - 长沙县市场监管 更新结束,共更新0
2025-05-27 17:26:03 - core.log - INFO - 长沙城管 更新结束,共更新0
2025-05-27 17:26:05 - core.log - INFO - 长沙慈善 更新结束,共更新0
2025-05-27 17:26:07 - core.log - INFO - 红星云 更新结束,共更新0
2025-05-27 17:26:09 - core.log - INFO - 长沙交通运输 更新结束,共更新0
2025-05-27 17:26:10 - core.log - INFO - 长沙人社 更新结束,共更新0
2025-05-27 17:26:12 - core.log - INFO - 湖南省人民政府网 更新结束,共更新0
2025-05-27 17:26:14 - core.log - INFO - 长沙会展 更新结束,共更新0
2025-05-27 17:26:16 - core.log - INFO - 思想长沙 更新结束,共更新0
2025-05-27 17:26:18 - core.log - INFO - 网信长沙 更新结束,共更新0
2025-05-27 17:26:20 - core.log - INFO - 长沙水运 更新结束,共更新0
2025-05-27 17:26:22 - core.log - INFO - 天心市场监管 更新结束,共更新0
2025-05-27 17:26:22 - core.log - INFO - 所有公众号更新完成,共更新0条数据
2025-05-27 17:27:50 - core.log - INFO - 湖南日报 更新结束,共更新0
2025-05-27 17:27:51 - core.log - INFO - 长沙道 更新结束,共更新0
2025-05-27 17:27:53 - core.log - INFO - 长沙晚报 更新结束,共更新0
2025-05-27 17:27:55 - core.log - INFO - 长沙市场监管 更新结束,共更新0
2025-05-27 17:27:57 - core.log - INFO - 微开福 更新结束,共更新0
2025-05-27 17:27:59 - core.log - INFO - 清廉长沙 更新结束,共更新0
2025-05-27 17:28:00 - core.log - INFO - 长沙党建 更新结束,共更新0
2025-05-27 17:28:02 - core.log - INFO - 长沙警事 更新结束,共更新0
2025-05-27 17:28:04 - core.log - INFO - 文明长沙 更新结束,共更新0
2025-05-27 17:28:06 - core.log - INFO - 长沙观察 更新结束,共更新0
2025-05-27 17:28:08 - core.log - INFO - 长沙发布 更新结束,共更新1
2025-05-27 17:28:09 - core.log - INFO - 新华社 更新结束,共更新0
2025-05-27 17:28:11 - core.log - INFO - 长沙生态环境 更新结束,共更新0
2025-05-27 17:28:13 - core.log - INFO - 雨花市场监管 更新结束,共更新0
2025-05-27 17:28:14 - core.log - INFO - 开福市场监管 更新结束,共更新0
2025-05-27 17:28:16 - core.log - INFO - 宁乡市场监督 更新结束,共更新0
2025-05-27 17:28:18 - core.log - INFO - 长沙县市场监管 更新结束,共更新0
2025-05-27 17:28:20 - core.log - INFO - 长沙城管 更新结束,共更新0
2025-05-27 17:28:22 - core.log - INFO - 长沙慈善 更新结束,共更新0
2025-05-27 17:28:24 - core.log - INFO - 红星云 更新结束,共更新0
2025-05-27 17:28:25 - core.log - INFO - 长沙交通运输 更新结束,共更新0
2025-05-27 17:28:26 - core.log - INFO - 长沙人社 更新结束,共更新0
2025-05-27 17:28:28 - core.log - INFO - 湖南省人民政府网 更新结束,共更新0
2025-05-27 17:28:30 - core.log - INFO - 长沙会展 更新结束,共更新0
2025-05-27 17:28:32 - core.log - INFO - 思想长沙 更新结束,共更新0
2025-05-27 17:28:33 - core.log - INFO - 网信长沙 更新结束,共更新0
2025-05-27 17:28:35 - core.log - INFO - 长沙水运 更新结束,共更新0
2025-05-27 17:28:37 - core.log - INFO - 天心市场监管 更新结束,共更新0
2025-05-27 17:28:37 - core.log - INFO - 所有公众号更新完成,共更新1条数据
2025-05-27 17:29:54 - core.log - INFO - 湖南日报 更新结束,共更新0
2025-05-27 17:29:55 - core.log - INFO - 长沙道 更新结束,共更新0
2025-05-27 17:29:57 - core.log - INFO - 长沙晚报 更新结束,共更新0
2025-05-27 17:30:00 - core.log - INFO - 长沙市场监管 更新结束,共更新0
2025-05-27 17:30:02 - core.log - INFO - 微开福 更新结束,共更新0
2025-05-27 17:30:03 - core.log - INFO - 清廉长沙 更新结束,共更新0
2025-05-27 17:30:05 - core.log - INFO - 长沙党建 更新结束,共更新0
2025-05-27 17:30:07 - core.log - INFO - 长沙警事 更新结束,共更新0
2025-05-27 17:30:09 - core.log - INFO - 文明长沙 更新结束,共更新0
2025-05-27 17:30:11 - core.log - INFO - 长沙观察 更新结束,共更新0
2025-05-27 17:30:13 - core.log - INFO - 长沙发布 更新结束,共更新0
2025-05-27 17:30:14 - core.log - INFO - 新华社 更新结束,共更新0
2025-05-27 17:30:16 - core.log - INFO - 长沙生态环境 更新结束,共更新0
2025-05-27 17:30:18 - core.log - INFO - 雨花市场监管 更新结束,共更新0
2025-05-27 17:30:20 - core.log - INFO - 开福市场监管 更新结束,共更新0
2025-05-27 17:30:22 - core.log - INFO - 宁乡市场监督 更新结束,共更新0
2025-05-27 17:30:24 - core.log - INFO - 长沙县市场监管 更新结束,共更新0
2025-05-27 17:30:26 - core.log - INFO - 长沙城管 更新结束,共更新0
2025-05-27 17:30:28 - core.log - INFO - 长沙慈善 更新结束,共更新0
2025-05-27 17:30:30 - core.log - INFO - 红星云 更新结束,共更新0
2025-05-27 17:30:31 - core.log - INFO - 长沙交通运输 更新结束,共更新0
2025-05-27 17:30:32 - core.log - INFO - 长沙人社 更新结束,共更新0
2025-05-27 17:30:34 - core.log - INFO - 湖南省人民政府网 更新结束,共更新0
2025-05-27 17:30:36 - core.log - INFO - 长沙会展 更新结束,共更新0
2025-05-27 17:30:38 - core.log - INFO - 思想长沙 更新结束,共更新0
2025-05-27 17:30:40 - core.log - INFO - 网信长沙 更新结束,共更新0
2025-05-27 17:30:42 - core.log - INFO - 长沙水运 更新结束,共更新0
2025-05-27 17:30:43 - core.log - INFO - 天心市场监管 更新结束,共更新0
2025-05-27 17:30:43 - core.log - INFO - 所有公众号更新完成,共更新0条数据
2025-05-27 19:25:53 - core.log - INFO - 湖南日报 更新结束,共更新0
2025-05-27 19:25:56 - core.log - INFO - 长沙道 更新结束,共更新0
2025-05-27 19:25:58 - core.log - INFO - 长沙晚报 更新结束,共更新0
2025-05-27 19:25:59 - core.log - INFO - 长沙市场监管 更新结束,共更新0
2025-05-27 19:25:59 - core.log - INFO - 微开福 更新结束,共更新0
2025-05-27 19:26:00 - core.log - INFO - 清廉长沙 更新结束,共更新0
2025-05-27 19:26:00 - core.log - INFO - 长沙党建 更新结束,共更新0
2025-05-27 19:26:01 - core.log - INFO - 长沙警事 更新结束,共更新0
2025-05-27 19:26:01 - core.log - INFO - 文明长沙 更新结束,共更新0
2025-05-27 19:26:01 - core.log - INFO - 长沙观察 更新结束,共更新0
2025-05-27 19:26:01 - core.log - INFO - 长沙发布 更新结束,共更新0
2025-05-27 19:26:02 - core.log - INFO - 新华社 更新结束,共更新0
2025-05-27 19:26:02 - core.log - INFO - 长沙生态环境 更新结束,共更新0
2025-05-27 19:26:08 - core.log - INFO - 雨花市场监管 更新结束,共更新0
2025-05-27 19:26:08 - core.log - INFO - 开福市场监管 更新结束,共更新0
2025-05-27 19:26:08 - core.log - INFO - 宁乡市场监督 更新结束,共更新0
2025-05-27 19:26:08 - core.log - INFO - 长沙县市场监管 更新结束,共更新0
2025-05-27 19:26:08 - core.log - INFO - 长沙城管 更新结束,共更新0
2025-05-27 19:26:08 - core.log - INFO - 长沙慈善 更新结束,共更新0
2025-05-27 19:26:08 - core.log - INFO - 红星云 更新结束,共更新0
2025-05-27 19:26:08 - core.log - INFO - 长沙交通运输 更新结束,共更新0
2025-05-27 19:26:08 - core.log - INFO - 长沙人社 更新结束,共更新0
2025-05-27 19:26:08 - core.log - INFO - 湖南省人民政府网 更新结束,共更新0
2025-05-27 19:26:08 - core.log - INFO - 长沙会展 更新结束,共更新0
2025-05-27 19:26:08 - core.log - INFO - 思想长沙 更新结束,共更新0
2025-05-27 19:26:08 - core.log - INFO - 网信长沙 更新结束,共更新0
2025-05-27 19:26:08 - core.log - INFO - 长沙水运 更新结束,共更新0
2025-05-27 19:26:08 - core.log - INFO - 天心市场监管 更新结束,共更新0
2025-05-27 19:26:08 - core.log - INFO - 所有公众号更新完成,共更新0条数据
2025-05-27 19:28:33 - core.log - INFO - 湖南日报 更新结束,共更新0
2025-05-27 19:28:33 - core.log - INFO - 长沙道 更新结束,共更新0
2025-05-27 19:28:33 - core.log - INFO - 长沙晚报 更新结束,共更新0
2025-05-27 19:28:33 - core.log - INFO - 长沙市场监管 更新结束,共更新0
2025-05-27 19:28:33 - core.log - INFO - 微开福 更新结束,共更新0
2025-05-27 19:28:33 - core.log - INFO - 清廉长沙 更新结束,共更新0
2025-05-27 19:28:33 - core.log - INFO - 长沙党建 更新结束,共更新0
2025-05-27 19:28:33 - core.log - INFO - 长沙警事 更新结束,共更新0
2025-05-27 19:28:33 - core.log - INFO - 文明长沙 更新结束,共更新0
2025-05-27 19:28:33 - core.log - INFO - 长沙观察 更新结束,共更新0
2025-05-27 19:28:33 - core.log - INFO - 长沙发布 更新结束,共更新0
2025-05-27 19:28:33 - core.log - INFO - 新华社 更新结束,共更新0
2025-05-27 19:28:33 - core.log - INFO - 长沙生态环境 更新结束,共更新0
2025-05-27 19:28:33 - core.log - INFO - 雨花市场监管 更新结束,共更新0
2025-05-27 19:28:33 - core.log - INFO - 开福市场监管 更新结束,共更新0
2025-05-27 19:28:33 - core.log - INFO - 宁乡市场监督 更新结束,共更新0
2025-05-27 19:28:33 - core.log - INFO - 长沙县市场监管 更新结束,共更新0
2025-05-27 19:28:33 - core.log - INFO - 长沙城管 更新结束,共更新0
2025-05-27 19:28:33 - core.log - INFO - 长沙慈善 更新结束,共更新0
2025-05-27 19:28:33 - core.log - INFO - 红星云 更新结束,共更新0
2025-05-27 19:28:33 - core.log - INFO - 长沙交通运输 更新结束,共更新0
2025-05-27 19:28:33 - core.log - INFO - 长沙人社 更新结束,共更新0
2025-05-27 19:28:33 - core.log - INFO - 湖南省人民政府网 更新结束,共更新0
2025-05-27 19:28:33 - core.log - INFO - 长沙会展 更新结束,共更新0
2025-05-27 19:28:33 - core.log - INFO - 思想长沙 更新结束,共更新0
2025-05-27 19:28:33 - core.log - INFO - 网信长沙 更新结束,共更新0
2025-05-27 19:28:33 - core.log - INFO - 长沙水运 更新结束,共更新0
2025-05-27 19:28:33 - core.log - INFO - 天心市场监管 更新结束,共更新0
2025-05-27 19:28:33 - core.log - INFO - 所有公众号更新完成,共更新0条数据
2025-05-27 19:29:00 - core.log - INFO - 扫描全能王 更新结束,共更新0
2025-05-27 19:29:00 - core.log - INFO - 中关村论坛 更新结束,共更新0
2025-05-27 19:29:00 - core.log - INFO - 中国北京同仁堂官微 更新结束,共更新0
2025-05-27 19:29:00 - core.log - INFO - 中国妇女报 更新结束,共更新0
2025-05-27 19:29:00 - core.log - INFO - 长沙发布 更新结束,共更新0
2025-05-27 19:29:00 - core.log - INFO - 所有公众号更新完成,共更新0条数据
2025-05-27 19:29:29 - core.log - INFO - 扫描全能王 更新结束,共更新0
2025-05-27 19:29:29 - core.log - INFO - 中关村论坛 更新结束,共更新0
2025-05-27 19:29:29 - core.log - INFO - 中国北京同仁堂官微 更新结束,共更新0
2025-05-27 19:29:29 - core.log - INFO - 中国妇女报 更新结束,共更新0
2025-05-27 19:29:29 - core.log - INFO - 长沙发布 更新结束,共更新0
2025-05-27 19:29:29 - core.log - INFO - 所有公众号更新完成,共更新0条数据
2025-05-27 19:30:16 - core.log - INFO - 扫描全能王 更新结束,共更新0
2025-05-27 19:30:16 - core.log - INFO - 中关村论坛 更新结束,共更新0
2025-05-27 19:30:16 - core.log - INFO - 中国北京同仁堂官微 更新结束,共更新0
2025-05-27 19:30:16 - core.log - INFO - 中国妇女报 更新结束,共更新0
2025-05-27 19:30:16 - core.log - INFO - 长沙发布 更新结束,共更新0
2025-05-27 19:30:16 - core.log - INFO - 所有公众号更新完成,共更新0条数据
2025-05-27 19:39:35 - core.log - INFO - 扫描全能王 更新结束,共更新0
2025-05-27 19:39:35 - core.log - INFO - 中关村论坛 更新结束,共更新0
2025-05-27 19:39:35 - core.log - INFO - 中国北京同仁堂官微 更新结束,共更新0
2025-05-27 19:39:35 - core.log - INFO - 中国妇女报 更新结束,共更新0
2025-05-27 19:39:35 - core.log - INFO - 长沙发布 更新结束,共更新0
2025-05-27 19:39:35 - core.log - INFO - 所有公众号更新完成,共更新0条数据
2025-05-27 19:39:58 - core.log - INFO - 扫描全能王 更新结束,共更新0
2025-05-27 19:39:58 - core.log - INFO - 中关村论坛 更新结束,共更新0
2025-05-27 19:39:58 - core.log - INFO - 中国北京同仁堂官微 更新结束,共更新0
2025-05-27 19:39:58 - core.log - INFO - 中国妇女报 更新结束,共更新0
2025-05-27 19:39:58 - core.log - INFO - 长沙发布 更新结束,共更新0
2025-05-27 19:39:58 - core.log - INFO - 所有公众号更新完成,共更新0条数据
2025-05-27 19:45:19 - core.log - INFO - 扫描全能王 更新结束,共更新0
2025-05-27 19:45:20 - core.log - INFO - 中关村论坛 更新结束,共更新0
2025-05-27 19:45:21 - core.log - INFO - 中国北京同仁堂官微 更新结束,共更新0
2025-05-27 19:47:00 - core.log - INFO - 扫描全能王 更新结束,共更新0
2025-05-27 19:47:01 - core.log - INFO - 中关村论坛 更新结束,共更新0
2025-05-27 19:47:02 - core.log - INFO - 中国北京同仁堂官微 更新结束,共更新0
2025-05-27 19:47:02 - core.log - INFO - 中国妇女报 更新结束,共更新1
2025-05-27 19:47:03 - core.log - INFO - 长沙发布 更新结束,共更新1
2025-05-27 19:47:03 - core.log - INFO - 所有公众号更新完成,共更新2条数据
2025-05-27 19:47:43 - core.log - INFO - 扫描全能王 更新结束,共更新0
2025-05-27 19:47:44 - core.log - INFO - 中关村论坛 更新结束,共更新0
2025-05-27 19:47:45 - core.log - INFO - 中国北京同仁堂官微 更新结束,共更新0
2025-05-27 19:47:46 - core.log - INFO - 中国妇女报 更新结束,共更新0
2025-05-27 19:47:46 - core.log - INFO - 长沙发布 更新结束,共更新0
2025-05-27 19:47:46 - core.log - INFO - 所有公众号更新完成,共更新0条数据
2025-05-27 19:49:51 - core.log - INFO - 扫描全能王 更新结束,共更新0
2025-05-27 19:49:52 - core.log - INFO - 中关村论坛 更新结束,共更新0
2025-05-27 19:49:53 - core.log - INFO - 中国北京同仁堂官微 更新结束,共更新0
2025-05-27 19:49:53 - core.log - INFO - 中国妇女报 更新结束,共更新0
2025-05-27 19:49:54 - core.log - INFO - 长沙发布 更新结束,共更新0
2025-05-27 19:49:54 - core.log - INFO - 所有公众号更新完成,共更新0条数据
2025-05-27 19:50:54 - core.log - INFO - 扫描全能王 更新结束,共更新0
2025-05-27 19:50:54 - core.log - INFO - 中关村论坛 更新结束,共更新0
2025-05-27 19:50:55 - core.log - INFO - 中国北京同仁堂官微 更新结束,共更新0
2025-05-27 19:50:56 - core.log - INFO - 中国妇女报 更新结束,共更新0
2025-05-27 19:50:57 - core.log - INFO - 长沙发布 更新结束,共更新0
2025-05-27 19:50:57 - core.log - INFO - 所有公众号更新完成,共更新0条数据
2025-05-27 19:51:33 - core.log - INFO - 扫描全能王 更新结束,共更新0
2025-05-27 19:51:34 - core.log - INFO - 中关村论坛 更新结束,共更新0
2025-05-27 19:51:34 - core.log - INFO - 中国北京同仁堂官微 更新结束,共更新0
2025-05-27 19:51:35 - core.log - INFO - 中国妇女报 更新结束,共更新0
2025-05-27 19:51:36 - core.log - INFO - 长沙发布 更新结束,共更新0
2025-05-27 19:51:36 - core.log - INFO - 所有公众号更新完成,共更新0条数据
2025-05-27 19:54:55 - core.log - INFO - 扫描全能王 更新结束,共更新0
2025-05-27 19:54:56 - core.log - INFO - 中关村论坛 更新结束,共更新0
2025-05-27 19:54:57 - core.log - INFO - 中国北京同仁堂官微 更新结束,共更新0
2025-05-27 19:54:58 - core.log - INFO - 中国妇女报 更新结束,共更新0
2025-05-27 19:54:59 - core.log - INFO - 长沙发布 更新结束,共更新0
2025-05-27 19:54:59 - core.log - INFO - 所有公众号更新完成,共更新0条数据
2025-05-27 19:57:03 - core.log - INFO - 扫描全能王 更新结束,共更新0
2025-05-27 19:57:04 - core.log - INFO - 中关村论坛 更新结束,共更新0
2025-05-27 19:57:05 - core.log - INFO - 中国北京同仁堂官微 更新结束,共更新0
2025-05-27 19:57:05 - core.log - INFO - 中国妇女报 更新结束,共更新0
2025-05-27 19:57:06 - core.log - INFO - 长沙发布 更新结束,共更新0
2025-05-27 19:57:06 - core.log - INFO - 所有公众号更新完成,共更新0条数据
2025-05-27 19:58:04 - core.log - INFO - 扫描全能王 更新结束,共更新0
2025-05-27 19:58:05 - core.log - INFO - 中关村论坛 更新结束,共更新0
2025-05-27 19:58:05 - core.log - INFO - 中国北京同仁堂官微 更新结束,共更新0
2025-05-27 19:58:06 - core.log - INFO - 中国妇女报 更新结束,共更新0
2025-05-27 19:58:07 - core.log - INFO - 长沙发布 更新结束,共更新0
2025-05-27 19:58:07 - core.log - INFO - 所有公众号更新完成,共更新0条数据
2025-05-27 20:04:48 - core.log - INFO - 扫描全能王 更新结束,共更新0
2025-05-27 20:04:49 - core.log - INFO - 中关村论坛 更新结束,共更新0
2025-05-27 20:04:49 - core.log - INFO - 中国北京同仁堂官微 更新结束,共更新0
2025-05-27 20:04:50 - core.log - INFO - 中国妇女报 更新结束,共更新0
2025-05-27 20:04:51 - core.log - INFO - 长沙发布 更新结束,共更新0
2025-05-27 20:04:51 - core.log - INFO - 所有公众号更新完成,共更新0条数据
2025-05-27 20:05:27 - core.log - INFO - 扫描全能王 更新结束,共更新0
2025-05-27 20:05:28 - core.log - INFO - 中关村论坛 更新结束,共更新0
2025-05-27 20:05:29 - core.log - INFO - 中国北京同仁堂官微 更新结束,共更新0
2025-05-27 20:05:30 - core.log - INFO - 中国妇女报 更新结束,共更新0
2025-05-27 20:05:31 - core.log - INFO - 长沙发布 更新结束,共更新0
2025-05-27 20:05:31 - core.log - INFO - 所有公众号更新完成,共更新0条数据
2025-05-27 20:05:44 - core.log - INFO - 扫描全能王 更新结束,共更新0
2025-05-27 20:05:44 - core.log - INFO - 中关村论坛 更新结束,共更新0
2025-05-27 20:05:45 - core.log - INFO - 中国北京同仁堂官微 更新结束,共更新0
2025-05-27 20:05:46 - core.log - INFO - 中国妇女报 更新结束,共更新0
2025-05-27 20:05:47 - core.log - INFO - 长沙发布 更新结束,共更新0
2025-05-27 20:05:47 - core.log - INFO - 所有公众号更新完成,共更新0条数据
2025-05-27 20:06:37 - core.log - INFO - 扫描全能王 更新结束,共更新0
2025-05-27 20:06:38 - core.log - INFO - 中关村论坛 更新结束,共更新0
2025-05-27 20:06:38 - core.log - INFO - 中国北京同仁堂官微 更新结束,共更新0
2025-05-27 20:06:39 - core.log - INFO - 中国妇女报 更新结束,共更新0
2025-05-27 20:06:40 - core.log - INFO - 长沙发布 更新结束,共更新0
2025-05-27 20:06:40 - core.log - INFO - 所有公众号更新完成,共更新0条数据
2025-05-27 20:08:03 - core.log - INFO - 扫描全能王 更新结束,共更新0
2025-05-27 20:08:04 - core.log - INFO - 中关村论坛 更新结束,共更新0
2025-05-27 20:08:04 - core.log - INFO - 中国北京同仁堂官微 更新结束,共更新0
2025-05-27 20:08:05 - core.log - INFO - 中国妇女报 更新结束,共更新0
2025-05-27 20:08:06 - core.log - INFO - 长沙发布 更新结束,共更新0
2025-05-27 20:08:06 - core.log - INFO - 所有公众号更新完成,共更新0条数据
2025-05-27 20:08:53 - core.log - INFO - 扫描全能王 更新结束,共更新10
2025-05-27 20:08:54 - core.log - INFO - 中关村论坛 更新结束,共更新10
2025-05-27 20:08:55 - core.log - INFO - 中国北京同仁堂官微 更新结束,共更新10
2025-05-27 20:08:56 - core.log - INFO - 中国妇女报 更新结束,共更新10
2025-05-27 20:08:57 - core.log - INFO - 长沙发布 更新结束,共更新10
2025-05-27 20:08:57 - core.log - INFO - 所有公众号更新完成,共更新50条数据
2025-05-27 20:11:07 - core.log - INFO - 扫描全能王 更新结束,共更新10
2025-05-27 20:11:08 - core.log - INFO - 中关村论坛 更新结束,共更新10
2025-05-27 20:11:09 - core.log - INFO - 中国北京同仁堂官微 更新结束,共更新10
2025-05-27 20:11:10 - core.log - INFO - 中国妇女报 更新结束,共更新10
2025-05-27 20:11:11 - core.log - INFO - 长沙发布 更新结束,共更新10
2025-05-27 20:11:11 - core.log - INFO - 所有公众号更新完成,共更新50条数据
2025-05-27 20:11:48 - core.log - INFO - 扫描全能王 更新结束,共更新10
2025-05-27 20:11:49 - core.log - INFO - 中关村论坛 更新结束,共更新10
2025-05-27 20:11:50 - core.log - INFO - 中国北京同仁堂官微 更新结束,共更新10
2025-05-27 20:11:51 - core.log - INFO - 中国妇女报 更新结束,共更新10
2025-05-27 20:11:52 - core.log - INFO - 长沙发布 更新结束,共更新10
2025-05-27 20:11:52 - core.log - INFO - 所有公众号更新完成,共更新50条数据
2025-05-27 20:13:39 - core.log - INFO - 扫描全能王 更新结束,共更新10
2025-05-27 20:13:41 - core.log - INFO - 中关村论坛 更新结束,共更新10
2025-05-27 20:13:42 - core.log - INFO - 中国北京同仁堂官微 更新结束,共更新10
2025-05-27 20:13:43 - core.log - INFO - 中国妇女报 更新结束,共更新10
2025-05-27 20:13:43 - core.log - INFO - 长沙发布 更新结束,共更新10
2025-05-27 20:13:43 - core.log - INFO - 所有公众号更新完成,共更新50条数据
2025-05-27 20:14:40 - core.log - INFO - 扫描全能王 更新结束,共更新10
2025-05-27 20:14:42 - core.log - INFO - 中关村论坛 更新结束,共更新10
2025-05-27 20:14:43 - core.log - INFO - 中国北京同仁堂官微 更新结束,共更新10
2025-05-27 20:14:44 - core.log - INFO - 中国妇女报 更新结束,共更新10
2025-05-27 20:14:45 - core.log - INFO - 长沙发布 更新结束,共更新10
2025-05-27 20:14:45 - core.log - INFO - 所有公众号更新完成,共更新50条数据
2025-05-27 20:15:45 - core.log - INFO - 扫描全能王 更新结束,共更新10
2025-05-27 20:15:47 - core.log - INFO - 中关村论坛 更新结束,共更新10
2025-05-27 20:15:48 - core.log - INFO - 中国北京同仁堂官微 更新结束,共更新10
2025-05-27 20:15:49 - core.log - INFO - 中国妇女报 更新结束,共更新10
2025-05-27 20:15:50 - core.log - INFO - 长沙发布 更新结束,共更新10
2025-05-27 20:15:50 - core.log - INFO - 所有公众号更新完成,共更新50条数据
2025-05-27 20:16:26 - core.log - INFO - 扫描全能王 更新结束,共更新10
2025-05-27 20:16:27 - core.log - INFO - 中关村论坛 更新结束,共更新10
2025-05-27 20:16:28 - core.log - INFO - 中国北京同仁堂官微 更新结束,共更新10
2025-05-27 20:16:29 - core.log - INFO - 中国妇女报 更新结束,共更新10
2025-05-27 20:16:30 - core.log - INFO - 长沙发布 更新结束,共更新10
2025-05-27 20:16:30 - core.log - INFO - 所有公众号更新完成,共更新50条数据
2025-05-27 20:20:13 - core.log - INFO - 扫描全能王 更新结束,共更新10
2025-05-27 20:20:14 - core.log - INFO - 中关村论坛 更新结束,共更新10
2025-05-27 20:20:25 - core.log - INFO - 中国北京同仁堂官微 更新结束,共更新10
2025-05-27 20:20:26 - core.log - INFO - 中国妇女报 更新结束,共更新10
2025-05-27 20:20:28 - core.log - INFO - 长沙发布 更新结束,共更新10
2025-05-27 20:20:28 - core.log - INFO - 所有公众号更新完成,共更新50条数据
2025-05-27 20:21:54 - core.log - INFO - 扫描全能王 更新结束,共更新10
2025-05-27 20:21:55 - core.log - INFO - 中关村论坛 更新结束,共更新10
2025-05-27 20:21:56 - core.log - INFO - 中国北京同仁堂官微 更新结束,共更新10
2025-05-27 20:21:57 - core.log - INFO - 中国妇女报 更新结束,共更新10
2025-05-27 20:21:58 - core.log - INFO - 长沙发布 更新结束,共更新10
2025-05-27 20:21:58 - core.log - INFO - 所有公众号更新完成,共更新50条数据
2025-05-27 20:22:33 - core.log - INFO - 扫描全能王 更新结束,共更新10
2025-05-27 20:22:34 - core.log - INFO - 中关村论坛 更新结束,共更新10
2025-05-27 20:22:35 - core.log - INFO - 中国北京同仁堂官微 更新结束,共更新10
2025-05-27 20:22:36 - core.log - INFO - 中国妇女报 更新结束,共更新10
2025-05-27 20:22:37 - core.log - INFO - 长沙发布 更新结束,共更新10
2025-05-27 20:22:37 - core.log - INFO - 所有公众号更新完成,共更新50条数据
2025-05-27 20:23:59 - core.log - INFO - 扫描全能王 更新结束,共更新10
2025-05-27 20:24:00 - core.log - INFO - 中关村论坛 更新结束,共更新10
2025-05-27 20:24:01 - core.log - INFO - 中国北京同仁堂官微 更新结束,共更新10
2025-05-27 20:24:02 - core.log - INFO - 中国妇女报 更新结束,共更新10
2025-05-27 20:24:03 - core.log - INFO - 长沙发布 更新结束,共更新10
2025-05-27 20:24:03 - core.log - INFO - 所有公众号更新完成,共更新50条数据
2025-05-27 20:24:57 - core.log - INFO - 扫描全能王 更新结束,共更新10
2025-05-27 20:24:59 - core.log - INFO - 中关村论坛 更新结束,共更新10
2025-05-27 20:25:00 - core.log - INFO - 中国北京同仁堂官微 更新结束,共更新10
2025-05-27 20:25:01 - core.log - INFO - 中国妇女报 更新结束,共更新10
2025-05-27 20:25:01 - core.log - INFO - 长沙发布 更新结束,共更新10
2025-05-27 20:25:01 - core.log - INFO - 所有公众号更新完成,共更新50条数据
2025-05-27 20:25:56 - core.log - INFO - 扫描全能王 更新结束,共更新10
2025-05-27 20:25:57 - core.log - INFO - 中关村论坛 更新结束,共更新10
2025-05-27 20:25:58 - core.log - INFO - 中国北京同仁堂官微 更新结束,共更新10
2025-05-27 20:25:59 - core.log - INFO - 中国妇女报 更新结束,共更新10
2025-05-27 20:26:00 - core.log - INFO - 长沙发布 更新结束,共更新10
2025-05-27 20:26:00 - core.log - INFO - 所有公众号更新完成,共更新50条数据
2025-05-27 20:30:39 - core.log - INFO - 扫描全能王 更新结束,共更新10
2025-05-27 20:30:40 - core.log - INFO - 中关村论坛 更新结束,共更新10
2025-05-27 20:30:41 - core.log - INFO - 中国北京同仁堂官微 更新结束,共更新10
2025-05-27 20:30:42 - core.log - INFO - 中国妇女报 更新结束,共更新10
2025-05-27 20:30:43 - core.log - INFO - 长沙发布 更新结束,共更新10
2025-05-27 20:30:43 - core.log - INFO - 所有公众号更新完成,共更新50条数据
2025-05-27 20:31:35 - core.log - INFO - 扫描全能王 更新结束,共更新0
2025-05-27 20:31:36 - core.log - INFO - 中关村论坛 更新结束,共更新0
2025-05-27 20:31:37 - core.log - INFO - 中国北京同仁堂官微 更新结束,共更新0
2025-05-27 20:31:37 - core.log - INFO - 中国妇女报 更新结束,共更新0
2025-05-27 20:31:38 - core.log - INFO - 长沙发布 更新结束,共更新1
2025-05-27 20:31:38 - core.log - INFO - 所有公众号更新完成,共更新1条数据
2025-05-27 21:56:27 - core.log - INFO - 扫描全能王 更新结束,共更新10
2025-05-27 21:56:28 - core.log - INFO - 中关村论坛 更新结束,共更新10
2025-05-27 21:56:29 - core.log - INFO - 中国北京同仁堂官微 更新结束,共更新10
2025-05-27 21:56:30 - core.log - INFO - 中国妇女报 更新结束,共更新10
2025-05-27 21:56:31 - core.log - INFO - 长沙发布 更新结束,共更新10
2025-05-27 21:56:31 - core.log - INFO - 所有公众号更新完成,共更新50条数据
2025-05-27 22:01:32 - core.log - INFO - 扫描全能王 更新结束,共更新0
2025-05-27 22:01:33 - core.log - INFO - 中关村论坛 更新结束,共更新0
2025-05-27 22:01:34 - core.log - INFO - 中国北京同仁堂官微 更新结束,共更新0
2025-05-27 22:01:35 - core.log - INFO - 中国妇女报 更新结束,共更新0
2025-05-27 22:01:35 - core.log - INFO - 长沙发布 更新结束,共更新1
2025-05-27 22:01:35 - core.log - INFO - 所有公众号更新完成,共更新1条数据
2025-05-27 22:06:37 - core.log - INFO - 扫描全能王 更新结束,共更新0
2025-05-27 22:06:38 - core.log - INFO - 中关村论坛 更新结束,共更新0
2025-05-27 22:06:38 - core.log - INFO - 中国北京同仁堂官微 更新结束,共更新0
2025-05-27 22:06:39 - core.log - INFO - 中国妇女报 更新结束,共更新0
2025-05-27 22:06:40 - core.log - INFO - 长沙发布 更新结束,共更新0
2025-05-27 22:06:40 - core.log - INFO - 所有公众号更新完成,共更新0条数据
2025-05-27 22:11:41 - core.log - INFO - 扫描全能王 更新结束,共更新0
2025-05-27 22:11:42 - core.log - INFO - 中关村论坛 更新结束,共更新0
2025-05-27 22:11:43 - core.log - INFO - 中国北京同仁堂官微 更新结束,共更新0
2025-05-27 22:11:44 - core.log - INFO - 中国妇女报 更新结束,共更新0
2025-05-27 22:11:44 - core.log - INFO - 长沙发布 更新结束,共更新0
2025-05-27 22:11:44 - core.log - INFO - 所有公众号更新完成,共更新0条数据
2025-05-27 22:16:45 - core.log - INFO - 扫描全能王 更新结束,共更新0
2025-05-27 22:16:46 - core.log - INFO - 中关村论坛 更新结束,共更新0
2025-05-27 22:16:47 - core.log - INFO - 中国北京同仁堂官微 更新结束,共更新0
2025-05-27 22:16:48 - core.log - INFO - 中国妇女报 更新结束,共更新0
2025-05-27 22:16:49 - core.log - INFO - 长沙发布 更新结束,共更新0
2025-05-27 22:16:49 - core.log - INFO - 所有公众号更新完成,共更新0条数据
2025-05-27 22:21:50 - core.log - INFO - 扫描全能王 更新结束,共更新0
2025-05-27 22:21:51 - core.log - INFO - 中关村论坛 更新结束,共更新0
2025-05-27 22:21:52 - core.log - INFO - 中国北京同仁堂官微 更新结束,共更新0
2025-05-27 22:21:52 - core.log - INFO - 中国妇女报 更新结束,共更新0
2025-05-27 22:21:53 - core.log - INFO - 长沙发布 更新结束,共更新0
2025-05-27 22:21:53 - core.log - INFO - 所有公众号更新完成,共更新0条数据
2025-05-27 22:26:54 - core.log - INFO - 扫描全能王 更新结束,共更新0
2025-05-27 22:26:55 - core.log - INFO - 中关村论坛 更新结束,共更新0
2025-05-27 22:26:56 - core.log - INFO - 中国北京同仁堂官微 更新结束,共更新0
2025-05-27 22:26:57 - core.log - INFO - 中国妇女报 更新结束,共更新0
2025-05-27 22:26:57 - core.log - INFO - 长沙发布 更新结束,共更新0
2025-05-27 22:26:57 - core.log - INFO - 所有公众号更新完成,共更新0条数据
2025-05-27 22:31:59 - core.log - INFO - 扫描全能王 更新结束,共更新0
2025-05-27 22:32:00 - core.log - INFO - 中关村论坛 更新结束,共更新0
2025-05-27 22:32:00 - core.log - INFO - 中国北京同仁堂官微 更新结束,共更新0
2025-05-27 22:32:01 - core.log - INFO - 中国妇女报 更新结束,共更新0
2025-05-27 22:32:02 - core.log - INFO - 长沙发布 更新结束,共更新0
2025-05-27 22:32:02 - core.log - INFO - 所有公众号更新完成,共更新0条数据
2025-05-27 22:37:03 - core.log - INFO - 扫描全能王 更新结束,共更新0
2025-05-27 22:37:04 - core.log - INFO - 中关村论坛 更新结束,共更新0
2025-05-27 22:37:05 - core.log - INFO - 中国北京同仁堂官微 更新结束,共更新0
2025-05-27 22:37:06 - core.log - INFO - 中国妇女报 更新结束,共更新0
2025-05-27 22:37:06 - core.log - INFO - 长沙发布 更新结束,共更新0
2025-05-27 22:37:06 - core.log - INFO - 所有公众号更新完成,共更新0条数据
2025-05-27 22:42:07 - core.log - INFO - 扫描全能王 更新结束,共更新0
2025-05-27 22:42:09 - core.log - INFO - 中关村论坛 更新结束,共更新0
2025-05-27 22:42:10 - core.log - INFO - 中国北京同仁堂官微 更新结束,共更新0
2025-05-27 22:42:10 - core.log - INFO - 中国妇女报 更新结束,共更新1
2025-05-27 22:42:11 - core.log - INFO - 长沙发布 更新结束,共更新0
2025-05-27 22:42:11 - core.log - INFO - 所有公众号更新完成,共更新1条数据
2025-05-27 22:47:13 - core.log - INFO - 扫描全能王 更新结束,共更新0
2025-05-27 22:47:14 - core.log - INFO - 中关村论坛 更新结束,共更新0
2025-05-27 22:47:15 - core.log - INFO - 中国北京同仁堂官微 更新结束,共更新0
2025-05-27 22:47:16 - core.log - INFO - 中国妇女报 更新结束,共更新0
2025-05-27 22:47:16 - core.log - INFO - 长沙发布 更新结束,共更新0
2025-05-27 22:47:16 - core.log - INFO - 所有公众号更新完成,共更新0条数据
2025-05-27 22:52:17 - core.log - INFO - 扫描全能王 更新结束,共更新0
2025-05-27 22:52:18 - core.log - INFO - 中关村论坛 更新结束,共更新0
2025-05-27 22:52:19 - core.log - INFO - 中国北京同仁堂官微 更新结束,共更新0
2025-05-27 22:52:20 - core.log - INFO - 中国妇女报 更新结束,共更新0
2025-05-27 22:52:21 - core.log - INFO - 长沙发布 更新结束,共更新1
2025-05-27 22:52:21 - core.log - INFO - 所有公众号更新完成,共更新1条数据
2025-05-27 22:57:22 - core.log - INFO - 扫描全能王 更新结束,共更新0
2025-05-27 22:57:23 - core.log - INFO - 中关村论坛 更新结束,共更新0
2025-05-27 22:57:24 - core.log - INFO - 中国北京同仁堂官微 更新结束,共更新0
2025-05-27 22:57:25 - core.log - INFO - 中国妇女报 更新结束,共更新0
2025-05-27 22:57:26 - core.log - INFO - 长沙发布 更新结束,共更新0
2025-05-27 22:57:26 - core.log - INFO - 所有公众号更新完成,共更新0条数据
2025-05-28 11:41:33 - core.log - INFO - 扫描全能王 更新结束,共更新0
2025-05-28 11:41:34 - core.log - INFO - 中关村论坛 更新结束,共更新0
2025-05-28 11:41:35 - core.log - INFO - 中国北京同仁堂官微 更新结束,共更新0
2025-05-28 11:41:36 - core.log - INFO - 中国妇女报 更新结束,共更新3
2025-05-28 11:41:37 - core.log - INFO - 长沙发布 更新结束,共更新4
2025-05-28 11:41:37 - core.log - INFO - 所有公众号更新完成,共更新7条数据
2025-05-28 11:42:11 - core.log - INFO - 扫描全能王 更新结束,共更新0
2025-05-28 11:42:12 - core.log - INFO - 中关村论坛 更新结束,共更新0
2025-05-28 11:42:13 - core.log - INFO - 中国北京同仁堂官微 更新结束,共更新0
2025-05-28 11:42:14 - core.log - INFO - 中国妇女报 更新结束,共更新0
2025-05-28 11:42:14 - core.log - INFO - 长沙发布 更新结束,共更新0
2025-05-28 11:42:14 - core.log - INFO - 所有公众号更新完成,共更新0条数据
2025-05-28 12:32:36 - core.log - INFO - 扫描全能王 更新结束,共更新0
2025-05-28 12:32:36 - core.log - INFO - 中关村论坛 更新结束,共更新0
2025-05-28 12:32:36 - core.log - INFO - 中国北京同仁堂官微 更新结束,共更新0
2025-05-28 12:32:36 - core.log - INFO - 中国妇女报 更新结束,共更新0
2025-05-28 12:32:36 - core.log - INFO - 长沙发布 更新结束,共更新0
2025-05-28 12:32:36 - core.log - INFO - 所有公众号更新完成,共更新0条数据
2025-05-28 12:33:27 - core.log - INFO - 扫描全能王 更新结束,共更新10
2025-05-28 12:33:28 - core.log - INFO - 中关村论坛 更新结束,共更新10
2025-05-28 12:33:29 - core.log - INFO - 中国北京同仁堂官微 更新结束,共更新10
2025-05-28 12:33:30 - core.log - INFO - 中国妇女报 更新结束,共更新10
2025-05-28 12:33:31 - core.log - INFO - 长沙发布 更新结束,共更新10
2025-05-28 12:33:31 - core.log - INFO - 所有公众号更新完成,共更新50条数据
2025-05-28 12:48:25 - core.log - INFO - 扫描全能王 更新结束,共更新10
2025-05-28 12:48:27 - core.log - INFO - 中关村论坛 更新结束,共更新10
2025-05-28 12:48:28 - core.log - INFO - 中国北京同仁堂官微 更新结束,共更新10
2025-05-28 12:48:29 - core.log - INFO - 中国妇女报 更新结束,共更新10
2025-05-28 12:50:10 - core.log - INFO - 扫描全能王 更新结束,共更新10
2025-05-28 12:50:11 - core.log - INFO - 中关村论坛 更新结束,共更新10
2025-05-28 12:50:12 - core.log - INFO - 中国北京同仁堂官微 更新结束,共更新10
2025-05-28 12:50:13 - core.log - INFO - 中国妇女报 更新结束,共更新10
2025-05-28 12:50:14 - core.log - INFO - 长沙发布 更新结束,共更新10
2025-05-28 12:50:14 - core.log - INFO - 所有公众号更新完成,共更新50条数据
2025-05-28 12:53:07 - core.log - INFO - 扫描全能王 更新结束,共更新10
2025-05-28 12:53:08 - core.log - INFO - 中关村论坛 更新结束,共更新10
2025-05-28 12:53:09 - core.log - INFO - 中国北京同仁堂官微 更新结束,共更新10
2025-05-28 12:53:10 - core.log - INFO - 中国妇女报 更新结束,共更新10
2025-05-28 12:53:11 - core.log - INFO - 长沙发布 更新结束,共更新10
2025-05-28 12:53:11 - core.log - INFO - 所有公众号更新完成,共更新50条数据
2025-05-28 12:53:48 - core.log - INFO - 扫描全能王 更新结束,共更新10
2025-05-28 12:53:49 - core.log - INFO - 中关村论坛 更新结束,共更新10
2025-05-28 12:53:50 - core.log - INFO - 中国北京同仁堂官微 更新结束,共更新10
2025-05-28 12:53:52 - core.log - INFO - 中国妇女报 更新结束,共更新10
2025-05-28 12:53:53 - core.log - INFO - 长沙发布 更新结束,共更新10
2025-05-28 12:53:53 - core.log - INFO - 所有公众号更新完成,共更新50条数据
2025-05-28 12:54:15 - core.log - INFO - 扫描全能王 更新结束,共更新10
2025-05-28 12:54:16 - core.log - INFO - 中关村论坛 更新结束,共更新10
2025-05-28 12:54:18 - core.log - INFO - 中国北京同仁堂官微 更新结束,共更新10
2025-05-28 12:54:19 - core.log - INFO - 中国妇女报 更新结束,共更新10
2025-05-28 12:54:20 - core.log - INFO - 长沙发布 更新结束,共更新10
2025-05-28 12:54:20 - core.log - INFO - 所有公众号更新完成,共更新50条数据
2025-05-28 12:55:49 - core.log - INFO - 扫描全能王 更新结束,共更新10
2025-05-28 12:55:50 - core.log - INFO - 中关村论坛 更新结束,共更新10
2025-05-28 12:55:51 - core.log - INFO - 中国北京同仁堂官微 更新结束,共更新10
2025-05-28 12:55:52 - core.log - INFO - 中国妇女报 更新结束,共更新10
2025-05-28 12:55:53 - core.log - INFO - 长沙发布 更新结束,共更新10
2025-05-28 12:55:53 - core.log - INFO - 所有公众号更新完成,共更新50条数据
2025-05-28 12:56:16 - core.log - INFO - 扫描全能王 更新结束,共更新10
2025-05-28 12:56:17 - core.log - INFO - 中关村论坛 更新结束,共更新10
2025-05-28 12:56:18 - core.log - INFO - 中国北京同仁堂官微 更新结束,共更新10
2025-05-28 12:56:19 - core.log - INFO - 中国妇女报 更新结束,共更新10
2025-05-28 12:56:20 - core.log - INFO - 长沙发布 更新结束,共更新10
2025-05-28 12:56:20 - core.log - INFO - 所有公众号更新完成,共更新50条数据
2025-05-28 14:09:29 - core.log - INFO - 扫描全能王 更新结束,共更新10
2025-05-28 14:09:31 - core.log - INFO - 中关村论坛 更新结束,共更新10
2025-05-28 14:09:32 - core.log - INFO - 中国北京同仁堂官微 更新结束,共更新10
2025-05-28 14:09:33 - core.log - INFO - 中国妇女报 更新结束,共更新10
2025-05-28 14:09:34 - core.log - INFO - 长沙发布 更新结束,共更新10
2025-05-28 14:09:34 - core.log - INFO - 所有公众号更新完成,共更新50条数据
2025-05-28 14:12:12 - core.log - INFO - 扫描全能王 更新结束,共更新10
2025-05-28 14:12:13 - core.log - INFO - 中关村论坛 更新结束,共更新10
2025-05-28 14:12:14 - core.log - INFO - 中国北京同仁堂官微 更新结束,共更新10
2025-05-28 14:12:15 - core.log - INFO - 中国妇女报 更新结束,共更新10
2025-05-28 14:12:16 - core.log - INFO - 长沙发布 更新结束,共更新10
2025-05-28 14:12:16 - core.log - INFO - 所有公众号更新完成,共更新50条数据
2025-05-28 14:13:17 - core.log - INFO - 扫描全能王 更新结束,共更新10
2025-05-28 14:13:19 - core.log - INFO - 中关村论坛 更新结束,共更新10
2025-05-28 14:13:20 - core.log - INFO - 中国北京同仁堂官微 更新结束,共更新10
2025-05-28 14:13:21 - core.log - INFO - 中国妇女报 更新结束,共更新10
2025-05-28 14:13:22 - core.log - INFO - 长沙发布 更新结束,共更新10
2025-05-28 14:13:22 - core.log - INFO - 所有公众号更新完成,共更新50条数据
2025-05-28 14:27:57 - core.log - INFO - 扫描全能王 更新结束,共更新10
2025-05-28 14:27:58 - core.log - INFO - 中关村论坛 更新结束,共更新10
2025-05-28 14:27:59 - core.log - INFO - 中国北京同仁堂官微 更新结束,共更新10
2025-05-28 14:28:00 - core.log - INFO - 中国妇女报 更新结束,共更新10
2025-05-28 14:28:01 - core.log - INFO - 长沙发布 更新结束,共更新10
2025-05-28 14:28:01 - core.log - INFO - 所有公众号更新完成,共更新50条数据
2025-05-28 14:37:17 - core.log - INFO - 湖南日报 更新结束,共更新10
2025-05-28 14:37:21 - core.log - INFO - 长沙道 更新结束,共更新10
2025-05-28 14:37:25 - core.log - INFO - 长沙晚报 更新结束,共更新10
2025-05-28 14:37:29 - core.log - INFO - 长沙市场监管 更新结束,共更新10
2025-05-28 14:37:33 - core.log - INFO - 微开福 更新结束,共更新10
2025-05-28 14:37:37 - core.log - INFO - 清廉长沙 更新结束,共更新10
2025-05-28 14:37:41 - core.log - INFO - 长沙党建 更新结束,共更新10
2025-05-28 14:37:45 - core.log - INFO - 长沙警事 更新结束,共更新10
2025-05-28 14:37:49 - core.log - INFO - 文明长沙 更新结束,共更新10
2025-05-28 14:37:52 - core.log - INFO - 微星沙 更新结束,共更新9
2025-05-28 14:37:57 - core.log - INFO - 长沙观察 更新结束,共更新9
2025-05-28 14:38:00 - core.log - INFO - 长沙发布 更新结束,共更新10
2025-05-28 14:38:04 - core.log - INFO - 新华社 更新结束,共更新10
2025-05-28 14:38:08 - core.log - INFO - 长沙生态环境 更新结束,共更新10
2025-05-28 14:38:12 - core.log - INFO - 雨花市场监管 更新结束,共更新10
2025-05-28 14:38:15 - core.log - INFO - 开福市场监管 更新结束,共更新10
2025-05-28 14:38:19 - core.log - INFO - 宁乡市场监督 更新结束,共更新10
2025-05-28 14:38:22 - core.log - INFO - 长沙县市场监管 更新结束,共更新10
2025-05-28 14:38:26 - core.log - INFO - 长沙城管 更新结束,共更新10
2025-05-28 14:38:30 - core.log - INFO - 长沙慈善 更新结束,共更新10
2025-05-28 14:38:33 - core.log - INFO - 红星云 更新结束,共更新10
2025-05-28 14:38:37 - core.log - INFO - 长沙交通运输 更新结束,共更新10
2025-05-28 14:38:38 - core.log - INFO - 长沙人社 更新结束,共更新1
2025-05-31 00:21:22 - core.log - INFO - 中国建设银行 更新结束,共更新0
2025-05-31 00:21:23 - core.log - INFO - 扫描全能王 更新结束,共更新0
2025-05-31 00:21:23 - core.log - INFO - 所有公众号更新完成,共更新0条数据
2025-06-01 18:08:42 - core.log - INFO - 所有公众号更新完成,共更新<bound method WxGather.all_count of <core.wx.wx2.MpsWeb object at 0x000001998F232CF0>>条数据
2025-06-01 18:09:34 - core.log - INFO - 所有公众号更新完成,共更新30条数据
2025-06-02 00:44:36 - core.log - INFO - 所有公众号更新完成,共更新24条数据
2025-06-02 00:50:00 - core.log - INFO - 所有公众号更新完成,共更新0条数据
2025-06-02 01:00:04 - core.log - INFO - 所有公众号更新完成,共更新5条数据
2025-06-02 01:05:12 - core.log - INFO - 所有公众号更新完成,共更新34条数据
